2023-07-15 17:23:52> Program: Starting Squirrel Updater: --install .
2023-07-15 17:23:52> Program: Starting install, writing to C:\Users\zande\AppData\Local\SquirrelTemp
2023-07-15 17:23:52> Program: About to install to: C:\Users\zande\AppData\Local\WhatsApp
2023-07-15 17:23:53> CheckForUpdateImpl: Couldn't write out staging user ID, this user probably shouldn't get beta anything: System.IO.DirectoryNotFoundException: Could not find a part of the path 'C:\Users\zande\AppData\Local\WhatsApp\packages\.betaId'.
   at System.IO.__Error.WinIOError(Int32 errorCode, String maybeFullPath)
   at System.IO.FileStream.Init(String path, FileMode mode, FileAccess access, Int32 rights, Boolean useRights, FileShare share, Int32 bufferSize, FileOptions options, SECURITY_ATTRIBUTES secAttrs, String msgPath, Boolean bFromProxy, Boolean useLongPath, Boolean checkHost)
   at System.IO.FileStream..ctor(String path, FileMode mode, FileAccess access, FileShare share, Int32 bufferSize, FileOptions options, String msgPath, Boolean bFromProxy, Boolean useLongPath, Boolean checkHost)
   at System.IO.StreamWriter.CreateFile(String path, Boolean append, Boolean checkHost)
   at System.IO.StreamWriter..ctor(String path, Boolean append, Encoding encoding, Int32 bufferSize, Boolean checkHost)
   at System.IO.File.InternalWriteAllText(String path, String contents, Encoding encoding, Boolean checkHost)
   at System.IO.File.WriteAllText(String path, String contents, Encoding encoding)
   at Squirrel.UpdateManager.CheckForUpdateImpl.getOrCreateStagedUserId()
2023-07-15 17:23:53> CheckForUpdateImpl: Failed to load local releases, starting from scratch: System.IO.DirectoryNotFoundException: Could not find a part of the path 'C:\Users\zande\AppData\Local\WhatsApp\packages\RELEASES'.
   at System.IO.__Error.WinIOError(Int32 errorCode, String maybeFullPath)
   at System.IO.FileStream.Init(String path, FileMode mode, FileAccess access, Int32 rights, Boolean useRights, FileShare share, Int32 bufferSize, FileOptions options, SECURITY_ATTRIBUTES secAttrs, String msgPath, Boolean bFromProxy, Boolean useLongPath, Boolean checkHost)
   at System.IO.FileStream..ctor(String path, FileMode mode, FileAccess access, FileShare share)
   at Squirrel.Utility.LoadLocalReleases(String localReleaseFile)
   at Squirrel.UpdateManager.CheckForUpdateImpl.<CheckForUpdate>d__2.MoveNext()
2023-07-15 17:23:53> CheckForUpdateImpl: Reading RELEASES file from C:\Users\zande\AppData\Local\SquirrelTemp
2023-07-15 17:23:53> CheckForUpdateImpl: First run or local directory is corrupt, starting from scratch
2023-07-15 17:23:54> ApplyReleasesImpl: Writing files to app directory: C:\Users\zande\AppData\Local\WhatsApp\app-2.2149.4
2023-07-15 17:24:04> LogHost: Rigging execution stub for WhatsApp_ExecutionStub.exe to C:\Users\zande\AppData\Local\WhatsApp\WhatsApp.exe
2023-07-15 17:24:07> ApplyReleasesImpl: Squirrel Enabled Apps: [C:\Users\zande\AppData\Local\WhatsApp\app-2.2149.4\WhatsApp.exe]
2023-07-15 17:24:10> ApplyReleasesImpl: Starting fixPinnedExecutables
2023-07-15 17:24:10> ApplyReleasesImpl: Examining Pin: Adobe Acrobat DC.lnk
2023-07-15 17:24:10> ApplyReleasesImpl: Examining Pin: Android Studio.lnk
2023-07-15 17:24:10> ApplyReleasesImpl: Examining Pin: Excel.lnk
2023-07-15 17:24:10> ApplyReleasesImpl: Examining Pin: Facebook.lnk
2023-07-15 17:24:10> ApplyReleasesImpl: Examining Pin: File Explorer.lnk
2023-07-15 17:24:10> ApplyReleasesImpl: Examining Pin: Microsoft Edge.lnk
2023-07-15 17:24:10> ApplyReleasesImpl: Examining Pin: Notepad.lnk
2023-07-15 17:24:10> ApplyReleasesImpl: Examining Pin: Notezilla.lnk
2023-07-15 17:24:10> ApplyReleasesImpl: Examining Pin: Pushbullet.lnk
2023-07-15 17:24:10> ApplyReleasesImpl: Examining Pin: VIISAN OfficeCam.lnk
2023-07-15 17:24:10> ApplyReleasesImpl: Examining Pin: Visual Studio Code.lnk
2023-07-15 17:24:10> ApplyReleasesImpl: Fixing up tray icons
2023-07-15 17:24:10> ApplyReleasesImpl: cleanDeadVersions: for version 2.2149.4
2023-07-15 17:24:10> ApplyReleasesImpl: cleanDeadVersions: exclude folder app-2.2149.4
